<?xml version="1.0" encoding="UTF-8"?>
<!-- Generated by org.testng.reporters.JUnitXMLReporter -->
<testsuite hostname="pranav-harry" name="OperaTest" tests="3" failures="0" timestamp="12 Jan 2017 22:44:45 GMT" time="28.203" errors="0">
  <testcase name="testTitle" time="0.035" classname="assignments.Assignment19"/>
  <testcase name="verifyText" time="0.082" classname="assignments.Assignment19"/>
  <testcase name="verifyText2" time="0.044" classname="assignments.Assignment19"/>
</testsuite> <!-- OperaTest -->
